<?xml version="1.0" encoding="UTF-8"?>
<!-- Generated by org.testng.reporters.JUnitReportReporter -->
<testsuite skipped="0" hostname="LAPTOP-JML9HNE8" name="browser.MultiBrowser" tests="1" failures="0" timestamp="2022-02-10T09:11:46 COT" time="5.537" errors="0">
  <testcase name="test1" time="5.537" classname="browser.MultiBrowser"/>
  <system-out/>
</testsuite> <!-- browser.MultiBrowser -->
